<?xml version="1.0" encoding="utf-8"?>
<TestRun id="3e321a83-7aec-4621-ae13-05304c5cbd58" name="Admin@DESKTOP-RVQH3EI 2025-09-11 22:02:58" runUser="DESKTOP-RVQH3EI\Admin" xmlns="http://microsoft.com/schemas/VisualStudio/TeamTest/2010">
  <Times creation="2025-09-11T22:02:58.1685696+05:30" queuing="2025-09-11T22:02:58.1685699+05:30" start="2025-09-11T22:02:55.5288790+05:30" finish="2025-09-11T22:03:05.9698948+05:30" />
  <TestSettings name="default" id="5a019e50-8a66-4242-9677-2cf482547a5e">
    <Deployment runDeploymentRoot="Admin_DESKTOP-RVQH3EI_2025-09-11_22_02_58" />
  </TestSettings>
  <Results>
    <UnitTestResult executionId="e0860237-bde4-45b8-85c5-40784a65eb04" testId="641d3842-a6ab-6db2-cdb6-47444296fcb4" testName="Backend.Tests.ModelsTests.Doctor_Model_Requires_Fields" computerName="DESKTOP-RVQH3EI" duration="00:00:00.0011354" startTime="2025-09-11T22:02:56.8595636+05:30" endTime="2025-09-11T22:02:56.8595638+05:30" testType="13cdc9d9-ddb5-4fa4-a97d-d965ccfc6d4b" outcome="Passed" testListId="8c84fa94-04c1-424b-9868-57a2d4851a1d" relativeResultsDirectory="e0860237-bde4-45b8-85c5-40784a65eb04" />
    <UnitTestResult executionId="bfa49833-005b-4eb5-ac16-74154b54c2c7" testId="b1ae0cbd-f98d-04c5-bbc7-dd12d7416c4d" testName="Backend.Tests.ModelsTests.User_Model_Requires_Fields" computerName="DESKTOP-RVQH3EI" duration="00:00:00.0131324" startTime="2025-09-11T22:02:56.8559271+05:30" endTime="2025-09-11T22:02:56.8559477+05:30" testType="13cdc9d9-ddb5-4fa4-a97d-d965ccfc6d4b" outcome="Passed" testListId="8c84fa94-04c1-424b-9868-57a2d4851a1d" relativeResultsDirectory="bfa49833-005b-4eb5-ac16-74154b54c2c7" />
    <UnitTestResult executionId="7ace050b-04fa-474e-9c4c-8b95d4a93d5f" testId="ad33ff46-154b-5366-e45b-609d022e7f6c" testName="Backend.Tests.UITests.FindDoctors_Fetches_Specializations_And_Search_Input_Works" computerName="DESKTOP-RVQH3EI" duration="00:00:04.4488361" startTime="2025-09-11T22:03:01.2842406+05:30" endTime="2025-09-11T22:03:01.2842415+05:30" testType="13cdc9d9-ddb5-4fa4-a97d-d965ccfc6d4b" outcome="Passed" testListId="8c84fa94-04c1-424b-9868-57a2d4851a1d" relativeResultsDirectory="7ace050b-04fa-474e-9c4c-8b95d4a93d5f" />
    <UnitTestResult executionId="54562bfe-7bc8-40af-beea-189898c901eb" testId="d0588380-399b-e527-0778-d5cb0c6c08d5" testName="Backend.Tests.ControllersTests.DoctorsController_GetAll_Returns_Doctors" computerName="DESKTOP-RVQH3EI" duration="00:00:00.0425879" startTime="2025-09-11T22:02:58.2406046+05:30" endTime="2025-09-11T22:02:58.2406049+05:30" testType="13cdc9d9-ddb5-4fa4-a97d-d965ccfc6d4b" outcome="Passed" testListId="8c84fa94-04c1-424b-9868-57a2d4851a1d" relativeResultsDirectory="54562bfe-7bc8-40af-beea-189898c901eb" />
    <UnitTestResult executionId="bf00dc89-7b9f-4f9b-ba11-f8c6c32cf94a" testId="539a850b-993f-b0fa-6c7b-2a2333977695" testName="Backend.Tests.ControllersTests.SpecializationsController_GetAll_Returns_Distinct" computerName="DESKTOP-RVQH3EI" duration="00:00:01.3595429" startTime="2025-09-11T22:02:58.1979040+05:30" endTime="2025-09-11T22:02:58.1979043+05:30" testType="13cdc9d9-ddb5-4fa4-a97d-d965ccfc6d4b" outcome="Passed" testListId="8c84fa94-04c1-424b-9868-57a2d4851a1d" relativeResultsDirectory="bf00dc89-7b9f-4f9b-ba11-f8c6c32cf94a" />
    <UnitTestResult executionId="a6d7ba6d-1be2-4125-9459-6ea1b244c417" testId="7c1cfd02-7ca4-7846-f514-bbd587fe470f" testName="Backend.Tests.UITests.UserAccount_Edit_Save_And_Delete_Buttons_Work" computerName="DESKTOP-RVQH3EI" duration="00:00:04.6108358" startTime="2025-09-11T22:03:05.8953928+05:30" endTime="2025-09-11T22:03:05.8953932+05:30" testType="13cdc9d9-ddb5-4fa4-a97d-d965ccfc6d4b" outcome="Passed" testListId="8c84fa94-04c1-424b-9868-57a2d4851a1d" relativeResultsDirectory="a6d7ba6d-1be2-4125-9459-6ea1b244c417" />
    <UnitTestResult executionId="f95bd6e4-9d0d-4906-b908-cc9a68be48c8" testId="7a9bcdd0-720c-a24a-46c5-ecf69447899f" testName="Backend.Tests.IntegrationTests.GetDoctors_Returns_Seeded_Doctors" computerName="DESKTOP-RVQH3EI" duration="00:00:00.1711813" startTime="2025-09-11T22:02:58.8849337+05:30" endTime="2025-09-11T22:02:58.8849339+05:30" testType="13cdc9d9-ddb5-4fa4-a97d-d965ccfc6d4b" outcome="Failed" testListId="8c84fa94-04c1-424b-9868-57a2d4851a1d" relativeResultsDirectory="f95bd6e4-9d0d-4906-b908-cc9a68be48c8">
      <Output>
        <ErrorInfo>
          <Message>MySqlConnector.MySqlException : Access denied for user 'root'@'localhost' (using password: YES)</Message>
          <StackTrace>   at MySqlConnector.Core.ServerSession.ReceiveReplyAsync(IOBehavior ioBehavior, CancellationToken cancellationToken) in /_/src/MySqlConnector/Core/ServerSession.cs:line 1081&#xD;
   at MySqlConnector.Core.ServerSession.SendClearPasswordAsync(String password, IOBehavior ioBehavior, CancellationToken cancellationToken) in /_/src/MySqlConnector/Core/ServerSession.cs:line 931&#xD;
   at MySqlConnector.Core.ServerSession.SwitchAuthenticationAsync(ConnectionSettings cs, String password, PayloadData payload, IOBehavior ioBehavior, CancellationToken cancellationToken) in /_/src/MySqlConnector/Core/ServerSession.cs:line 900&#xD;
   at MySqlConnector.Core.ServerSession.ConnectAsync(ConnectionSettings cs, MySqlConnection connection, Int64 startingTimestamp, ILoadBalancer loadBalancer, Activity activity, IOBehavior ioBehavior, CancellationToken cancellationToken) in /_/src/MySqlConnector/Core/ServerSession.cs:line 539&#xD;
   at MySqlConnector.Core.ServerSession.ConnectAndRedirectAsync(ILogger connectionLogger, ILogger poolLogger, IConnectionPoolMetadata pool, ConnectionSettings cs, ILoadBalancer loadBalancer, MySqlConnection connection, Action`4 logMessage, Int64 startingTimestamp, Activity activity, IOBehavior ioBehavior, CancellationToken cancellationToken) in /_/src/MySqlConnector/Core/ServerSession.cs:line 697&#xD;
   at MySqlConnector.Core.ServerSession.ConnectAndRedirectAsync(ILogger connectionLogger, ILogger poolLogger, IConnectionPoolMetadata pool, ConnectionSettings cs, ILoadBalancer loadBalancer, MySqlConnection connection, Action`4 logMessage, Int64 startingTimestamp, Activity activity, IOBehavior ioBehavior, CancellationToken cancellationToken) in /_/src/MySqlConnector/Core/ServerSession.cs:line 702&#xD;
   at MySqlConnector.MySqlConnection.CreateSessionAsync(ConnectionPool pool, Int64 startingTimestamp, Activity activity, Nullable`1 ioBehavior, CancellationToken cancellationToken) in /_/src/MySqlConnector/MySqlConnection.cs:line 1099&#xD;
   at MySqlConnector.MySqlConnection.OpenAsync(Nullable`1 ioBehavior, CancellationToken cancellationToken) in /_/src/MySqlConnector/MySqlConnection.cs:line 567&#xD;
   at MySqlConnector.MySqlConnection.Open() in /_/src/MySqlConnector/MySqlConnection.cs:line 522&#xD;
   at Microsoft.EntityFrameworkCore.ServerVersion.AutoDetect(String connectionString)&#xD;
   at Program.&lt;&gt;c__DisplayClass0_0.&lt;&lt;Main&gt;$&gt;b__0(DbContextOptionsBuilder options) in E:\MediSync_E-Channel-Platform\Backend\Program.cs:line 26&#xD;
   at Microsoft.Extensions.DependencyInjection.EntityFrameworkServiceCollectionExtensions.&lt;&gt;c__DisplayClass1_0`2.&lt;AddDbContext&gt;b__0(IServiceProvider _, DbContextOptionsBuilder b)&#xD;
   at Microsoft.EntityFrameworkCore.Infrastructure.Internal.DbContextOptionsConfiguration`1.Configure(IServiceProvider serviceProvider, DbContextOptionsBuilder optionsBuilder)&#xD;
   at Microsoft.Extensions.DependencyInjection.EntityFrameworkServiceCollectionExtensions.CreateDbContextOptions[TContext](IServiceProvider applicationServiceProvider)&#xD;
   at Microsoft.Extensions.DependencyInjection.ServiceLookup.CallSiteRuntimeResolver.VisitFactory(FactoryCallSite factoryCallSite, RuntimeResolverContext context)&#xD;
   at Microsoft.Extensions.DependencyInjection.ServiceLookup.CallSiteVisitor`2.VisitCallSiteMain(ServiceCallSite callSite, TArgument argument)&#xD;
   at Microsoft.Extensions.DependencyInjection.ServiceLookup.CallSiteRuntimeResolver.VisitCache(ServiceCallSite callSite, RuntimeResolverContext context, ServiceProviderEngineScope serviceProviderEngine, RuntimeResolverLock lockType)&#xD;
   at Microsoft.Extensions.DependencyInjection.ServiceLookup.CallSiteRuntimeResolver.VisitScopeCache(ServiceCallSite callSite, RuntimeResolverContext context)&#xD;
   at Microsoft.Extensions.DependencyInjection.ServiceLookup.CallSiteVisitor`2.VisitCallSite(ServiceCallSite callSite, TArgument argument)&#xD;
   at Microsoft.Extensions.DependencyInjection.ServiceLookup.CallSiteRuntimeResolver.VisitConstructor(ConstructorCallSite constructorCallSite, RuntimeResolverContext context)&#xD;
   at Microsoft.Extensions.DependencyInjection.ServiceLookup.CallSiteVisitor`2.VisitCallSiteMain(ServiceCallSite callSite, TArgument argument)&#xD;
   at Microsoft.Extensions.DependencyInjection.ServiceLookup.CallSiteRuntimeResolver.VisitCache(ServiceCallSite callSite, RuntimeResolverContext context, ServiceProviderEngineScope serviceProviderEngine, RuntimeResolverLock lockType)&#xD;
   at Microsoft.Extensions.DependencyInjection.ServiceLookup.CallSiteRuntimeResolver.VisitScopeCache(ServiceCallSite callSite, RuntimeResolverContext context)&#xD;
   at Microsoft.Extensions.DependencyInjection.ServiceLookup.CallSiteVisitor`2.VisitCallSite(ServiceCallSite callSite, TArgument argument)&#xD;
   at Microsoft.Extensions.DependencyInjection.ServiceLookup.CallSiteRuntimeResolver.Resolve(ServiceCallSite callSite, ServiceProviderEngineScope scope)&#xD;
   at Microsoft.Extensions.DependencyInjection.ServiceLookup.DynamicServiceProviderEngine.&lt;&gt;c__DisplayClass2_0.&lt;RealizeService&gt;b__0(ServiceProviderEngineScope scope)&#xD;
   at Microsoft.Extensions.DependencyInjection.ServiceProvider.GetService(ServiceIdentifier serviceIdentifier, ServiceProviderEngineScope serviceProviderEngineScope)&#xD;
   at Microsoft.Extensions.DependencyInjection.ServiceLookup.ServiceProviderEngineScope.GetService(Type serviceType)&#xD;
   at Microsoft.Extensions.DependencyInjection.ServiceProviderServiceExtensions.GetRequiredService(IServiceProvider provider, Type serviceType)&#xD;
   at Microsoft.Extensions.DependencyInjection.ServiceProviderServiceExtensions.GetRequiredService[T](IServiceProvider provider)&#xD;
   at Program.&lt;Main&gt;$(String[] args) in E:\MediSync_E-Channel-Platform\Backend\Program.cs:line 47&#xD;
   at InvokeStub_Program.&lt;Main&gt;$(Object, Span`1)&#xD;
   at System.Reflection.MethodBaseInvoker.InvokeWithOneArg(Object obj, BindingFlags invokeAttr, Binder binder, Object[] parameters, CultureInfo culture)&#xD;
--- End of stack trace from previous location ---&#xD;
   at Microsoft.AspNetCore.Mvc.Testing.DeferredHostBuilder.DeferredHost.StartAsync(CancellationToken cancellationToken)&#xD;
   at Microsoft.Extensions.Hosting.HostingAbstractionsHostExtensions.Start(IHost host)&#xD;
   at Microsoft.AspNetCore.Mvc.Testing.WebApplicationFactory`1.CreateHost(IHostBuilder builder)&#xD;
   at Microsoft.AspNetCore.Mvc.Testing.WebApplicationFactory`1.DelegatedWebApplicationFactory.CreateHost(IHostBuilder builder)&#xD;
   at Microsoft.AspNetCore.Mvc.Testing.WebApplicationFactory`1.ConfigureHostBuilder(IHostBuilder hostBuilder)&#xD;
   at Microsoft.AspNetCore.Mvc.Testing.WebApplicationFactory`1.EnsureServer()&#xD;
   at Microsoft.AspNetCore.Mvc.Testing.WebApplicationFactory`1.get_Services()&#xD;
   at Backend.Tests.IntegrationTests.GetDoctors_Returns_Seeded_Doctors() in E:\MediSync_E-Channel-Platform\Backend\Testing\IntegrationTests.cs:line 43&#xD;
--- End of stack trace from previous location ---</StackTrace>
        </ErrorInfo>
      </Output>
    </UnitTestResult>
    <UnitTestResult executionId="8eaa84ef-5a28-485e-ae65-0e68489ba9a7" testId="b61931e0-69b1-cae6-9d84-41730d420f37" testName="Backend.Tests.IntegrationTests.GetSpecializations_Returns_Distinct_List" computerName="DESKTOP-RVQH3EI" duration="00:00:01.8466258" startTime="2025-09-11T22:02:58.7272339+05:30" endTime="2025-09-11T22:02:58.7272343+05:30" testType="13cdc9d9-ddb5-4fa4-a97d-d965ccfc6d4b" outcome="Failed" testListId="8c84fa94-04c1-424b-9868-57a2d4851a1d" relativeResultsDirectory="8eaa84ef-5a28-485e-ae65-0e68489ba9a7">
      <Output>
        <ErrorInfo>
          <Message>MySqlConnector.MySqlException : Access denied for user 'root'@'localhost' (using password: YES)</Message>
          <StackTrace>   at MySqlConnector.Core.ServerSession.ReceiveReplyAsync(IOBehavior ioBehavior, CancellationToken cancellationToken) in /_/src/MySqlConnector/Core/ServerSession.cs:line 1081&#xD;
   at MySqlConnector.Core.ServerSession.SendClearPasswordAsync(String password, IOBehavior ioBehavior, CancellationToken cancellationToken) in /_/src/MySqlConnector/Core/ServerSession.cs:line 931&#xD;
   at MySqlConnector.Core.ServerSession.SwitchAuthenticationAsync(ConnectionSettings cs, String password, PayloadData payload, IOBehavior ioBehavior, CancellationToken cancellationToken) in /_/src/MySqlConnector/Core/ServerSession.cs:line 900&#xD;
   at MySqlConnector.Core.ServerSession.ConnectAsync(ConnectionSettings cs, MySqlConnection connection, Int64 startingTimestamp, ILoadBalancer loadBalancer, Activity activity, IOBehavior ioBehavior, CancellationToken cancellationToken) in /_/src/MySqlConnector/Core/ServerSession.cs:line 539&#xD;
   at MySqlConnector.Core.ServerSession.ConnectAndRedirectAsync(ILogger connectionLogger, ILogger poolLogger, IConnectionPoolMetadata pool, ConnectionSettings cs, ILoadBalancer loadBalancer, MySqlConnection connection, Action`4 logMessage, Int64 startingTimestamp, Activity activity, IOBehavior ioBehavior, CancellationToken cancellationToken) in /_/src/MySqlConnector/Core/ServerSession.cs:line 697&#xD;
   at MySqlConnector.Core.ServerSession.ConnectAndRedirectAsync(ILogger connectionLogger, ILogger poolLogger, IConnectionPoolMetadata pool, ConnectionSettings cs, ILoadBalancer loadBalancer, MySqlConnection connection, Action`4 logMessage, Int64 startingTimestamp, Activity activity, IOBehavior ioBehavior, CancellationToken cancellationToken) in /_/src/MySqlConnector/Core/ServerSession.cs:line 702&#xD;
   at MySqlConnector.MySqlConnection.CreateSessionAsync(ConnectionPool pool, Int64 startingTimestamp, Activity activity, Nullable`1 ioBehavior, CancellationToken cancellationToken) in /_/src/MySqlConnector/MySqlConnection.cs:line 1099&#xD;
   at MySqlConnector.MySqlConnection.OpenAsync(Nullable`1 ioBehavior, CancellationToken cancellationToken) in /_/src/MySqlConnector/MySqlConnection.cs:line 567&#xD;
   at MySqlConnector.MySqlConnection.Open() in /_/src/MySqlConnector/MySqlConnection.cs:line 522&#xD;
   at Microsoft.EntityFrameworkCore.ServerVersion.AutoDetect(String connectionString)&#xD;
   at Program.&lt;&gt;c__DisplayClass0_0.&lt;&lt;Main&gt;$&gt;b__0(DbContextOptionsBuilder options) in E:\MediSync_E-Channel-Platform\Backend\Program.cs:line 26&#xD;
   at Microsoft.Extensions.DependencyInjection.EntityFrameworkServiceCollectionExtensions.&lt;&gt;c__DisplayClass1_0`2.&lt;AddDbContext&gt;b__0(IServiceProvider _, DbContextOptionsBuilder b)&#xD;
   at Microsoft.EntityFrameworkCore.Infrastructure.Internal.DbContextOptionsConfiguration`1.Configure(IServiceProvider serviceProvider, DbContextOptionsBuilder optionsBuilder)&#xD;
   at Microsoft.Extensions.DependencyInjection.EntityFrameworkServiceCollectionExtensions.CreateDbContextOptions[TContext](IServiceProvider applicationServiceProvider)&#xD;
   at Microsoft.Extensions.DependencyInjection.ServiceLookup.CallSiteRuntimeResolver.VisitFactory(FactoryCallSite factoryCallSite, RuntimeResolverContext context)&#xD;
   at Microsoft.Extensions.DependencyInjection.ServiceLookup.CallSiteVisitor`2.VisitCallSiteMain(ServiceCallSite callSite, TArgument argument)&#xD;
   at Microsoft.Extensions.DependencyInjection.ServiceLookup.CallSiteRuntimeResolver.VisitCache(ServiceCallSite callSite, RuntimeResolverContext context, ServiceProviderEngineScope serviceProviderEngine, RuntimeResolverLock lockType)&#xD;
   at Microsoft.Extensions.DependencyInjection.ServiceLookup.CallSiteRuntimeResolver.VisitScopeCache(ServiceCallSite callSite, RuntimeResolverContext context)&#xD;
   at Microsoft.Extensions.DependencyInjection.ServiceLookup.CallSiteVisitor`2.VisitCallSite(ServiceCallSite callSite, TArgument argument)&#xD;
   at Microsoft.Extensions.DependencyInjection.ServiceLookup.CallSiteRuntimeResolver.VisitConstructor(ConstructorCallSite constructorCallSite, RuntimeResolverContext context)&#xD;
   at Microsoft.Extensions.DependencyInjection.ServiceLookup.CallSiteVisitor`2.VisitCallSiteMain(ServiceCallSite callSite, TArgument argument)&#xD;
   at Microsoft.Extensions.DependencyInjection.ServiceLookup.CallSiteRuntimeResolver.VisitCache(ServiceCallSite callSite, RuntimeResolverContext context, ServiceProviderEngineScope serviceProviderEngine, RuntimeResolverLock lockType)&#xD;
   at Microsoft.Extensions.DependencyInjection.ServiceLookup.CallSiteRuntimeResolver.VisitScopeCache(ServiceCallSite callSite, RuntimeResolverContext context)&#xD;
   at Microsoft.Extensions.DependencyInjection.ServiceLookup.CallSiteVisitor`2.VisitCallSite(ServiceCallSite callSite, TArgument argument)&#xD;
   at Microsoft.Extensions.DependencyInjection.ServiceLookup.CallSiteRuntimeResolver.Resolve(ServiceCallSite callSite, ServiceProviderEngineScope scope)&#xD;
   at Microsoft.Extensions.DependencyInjection.ServiceLookup.DynamicServiceProviderEngine.&lt;&gt;c__DisplayClass2_0.&lt;RealizeService&gt;b__0(ServiceProviderEngineScope scope)&#xD;
   at Microsoft.Extensions.DependencyInjection.ServiceProvider.GetService(ServiceIdentifier serviceIdentifier, ServiceProviderEngineScope serviceProviderEngineScope)&#xD;
   at Microsoft.Extensions.DependencyInjection.ServiceLookup.ServiceProviderEngineScope.GetService(Type serviceType)&#xD;
   at Microsoft.Extensions.DependencyInjection.ServiceProviderServiceExtensions.GetRequiredService(IServiceProvider provider, Type serviceType)&#xD;
   at Microsoft.Extensions.DependencyInjection.ServiceProviderServiceExtensions.GetRequiredService[T](IServiceProvider provider)&#xD;
   at Program.&lt;Main&gt;$(String[] args) in E:\MediSync_E-Channel-Platform\Backend\Program.cs:line 47&#xD;
   at System.RuntimeMethodHandle.InvokeMethod(Object target, Void** arguments, Signature sig, Boolean isConstructor)&#xD;
   at System.Reflection.MethodBaseInvoker.InvokeDirectByRefWithFewArgs(Object obj, Span`1 copyOfArgs, BindingFlags invokeAttr)&#xD;
--- End of stack trace from previous location ---&#xD;
   at Microsoft.AspNetCore.Mvc.Testing.DeferredHostBuilder.DeferredHost.StartAsync(CancellationToken cancellationToken)&#xD;
   at Microsoft.Extensions.Hosting.HostingAbstractionsHostExtensions.Start(IHost host)&#xD;
   at Microsoft.AspNetCore.Mvc.Testing.WebApplicationFactory`1.CreateHost(IHostBuilder builder)&#xD;
   at Microsoft.AspNetCore.Mvc.Testing.WebApplicationFactory`1.DelegatedWebApplicationFactory.CreateHost(IHostBuilder builder)&#xD;
   at Microsoft.AspNetCore.Mvc.Testing.WebApplicationFactory`1.ConfigureHostBuilder(IHostBuilder hostBuilder)&#xD;
   at Microsoft.AspNetCore.Mvc.Testing.WebApplicationFactory`1.EnsureServer()&#xD;
   at Microsoft.AspNetCore.Mvc.Testing.WebApplicationFactory`1.get_Services()&#xD;
   at Backend.Tests.IntegrationTests.GetSpecializations_Returns_Distinct_List() in E:\MediSync_E-Channel-Platform\Backend\Testing\IntegrationTests.cs:line 69&#xD;
--- End of stack trace from previous location ---</StackTrace>
        </ErrorInfo>
      </Output>
    </UnitTestResult>
  </Results>
  <TestDefinitions>
    <UnitTest name="Backend.Tests.ControllersTests.SpecializationsController_GetAll_Returns_Distinct" storage="e:\medisync_e-channel-platform\backend\testing\bin\debug\net8.0\backend.tests.dll" id="539a850b-993f-b0fa-6c7b-2a2333977695">
      <Execution id="bf00dc89-7b9f-4f9b-ba11-f8c6c32cf94a" />
      <TestMethod codeBase="E:\MediSync_E-Channel-Platform\Backend\Testing\bin\Debug\net8.0\Backend.Tests.dll" adapterTypeName="executor://xunit/VsTestRunner2/netcoreapp" className="Backend.Tests.ControllersTests" name="SpecializationsController_GetAll_Returns_Distinct" />
    </UnitTest>
    <UnitTest name="Backend.Tests.IntegrationTests.GetDoctors_Returns_Seeded_Doctors" storage="e:\medisync_e-channel-platform\backend\testing\bin\debug\net8.0\backend.tests.dll" id="7a9bcdd0-720c-a24a-46c5-ecf69447899f">
      <Execution id="f95bd6e4-9d0d-4906-b908-cc9a68be48c8" />
      <TestMethod codeBase="E:\MediSync_E-Channel-Platform\Backend\Testing\bin\Debug\net8.0\Backend.Tests.dll" adapterTypeName="executor://xunit/VsTestRunner2/netcoreapp" className="Backend.Tests.IntegrationTests" name="GetDoctors_Returns_Seeded_Doctors" />
    </UnitTest>
    <UnitTest name="Backend.Tests.ControllersTests.DoctorsController_GetAll_Returns_Doctors" storage="e:\medisync_e-channel-platform\backend\testing\bin\debug\net8.0\backend.tests.dll" id="d0588380-399b-e527-0778-d5cb0c6c08d5">
      <Execution id="54562bfe-7bc8-40af-beea-189898c901eb" />
      <TestMethod codeBase="E:\MediSync_E-Channel-Platform\Backend\Testing\bin\Debug\net8.0\Backend.Tests.dll" adapterTypeName="executor://xunit/VsTestRunner2/netcoreapp" className="Backend.Tests.ControllersTests" name="DoctorsController_GetAll_Returns_Doctors" />
    </UnitTest>
    <UnitTest name="Backend.Tests.UITests.UserAccount_Edit_Save_And_Delete_Buttons_Work" storage="e:\medisync_e-channel-platform\backend\testing\bin\debug\net8.0\backend.tests.dll" id="7c1cfd02-7ca4-7846-f514-bbd587fe470f">
      <Execution id="a6d7ba6d-1be2-4125-9459-6ea1b244c417" />
      <TestMethod codeBase="E:\MediSync_E-Channel-Platform\Backend\Testing\bin\Debug\net8.0\Backend.Tests.dll" adapterTypeName="executor://xunit/VsTestRunner2/netcoreapp" className="Backend.Tests.UITests" name="UserAccount_Edit_Save_And_Delete_Buttons_Work" />
    </UnitTest>
    <UnitTest name="Backend.Tests.ModelsTests.User_Model_Requires_Fields" storage="e:\medisync_e-channel-platform\backend\testing\bin\debug\net8.0\backend.tests.dll" id="b1ae0cbd-f98d-04c5-bbc7-dd12d7416c4d">
      <Execution id="bfa49833-005b-4eb5-ac16-74154b54c2c7" />
      <TestMethod codeBase="E:\MediSync_E-Channel-Platform\Backend\Testing\bin\Debug\net8.0\Backend.Tests.dll" adapterTypeName="executor://xunit/VsTestRunner2/netcoreapp" className="Backend.Tests.ModelsTests" name="User_Model_Requires_Fields" />
    </UnitTest>
    <UnitTest name="Backend.Tests.UITests.FindDoctors_Fetches_Specializations_And_Search_Input_Works" storage="e:\medisync_e-channel-platform\backend\testing\bin\debug\net8.0\backend.tests.dll" id="ad33ff46-154b-5366-e45b-609d022e7f6c">
      <Execution id="7ace050b-04fa-474e-9c4c-8b95d4a93d5f" />
      <TestMethod codeBase="E:\MediSync_E-Channel-Platform\Backend\Testing\bin\Debug\net8.0\Backend.Tests.dll" adapterTypeName="executor://xunit/VsTestRunner2/netcoreapp" className="Backend.Tests.UITests" name="FindDoctors_Fetches_Specializations_And_Search_Input_Works" />
    </UnitTest>
    <UnitTest name="Backend.Tests.ModelsTests.Doctor_Model_Requires_Fields" storage="e:\medisync_e-channel-platform\backend\testing\bin\debug\net8.0\backend.tests.dll" id="641d3842-a6ab-6db2-cdb6-47444296fcb4">
      <Execution id="e0860237-bde4-45b8-85c5-40784a65eb04" />
      <TestMethod codeBase="E:\MediSync_E-Channel-Platform\Backend\Testing\bin\Debug\net8.0\Backend.Tests.dll" adapterTypeName="executor://xunit/VsTestRunner2/netcoreapp" className="Backend.Tests.ModelsTests" name="Doctor_Model_Requires_Fields" />
    </UnitTest>
    <UnitTest name="Backend.Tests.IntegrationTests.GetSpecializations_Returns_Distinct_List" storage="e:\medisync_e-channel-platform\backend\testing\bin\debug\net8.0\backend.tests.dll" id="b61931e0-69b1-cae6-9d84-41730d420f37">
      <Execution id="8eaa84ef-5a28-485e-ae65-0e68489ba9a7" />
      <TestMethod codeBase="E:\MediSync_E-Channel-Platform\Backend\Testing\bin\Debug\net8.0\Backend.Tests.dll" adapterTypeName="executor://xunit/VsTestRunner2/netcoreapp" className="Backend.Tests.IntegrationTests" name="GetSpecializations_Returns_Distinct_List" />
    </UnitTest>
  </TestDefinitions>
  <TestEntries>
    <TestEntry testId="641d3842-a6ab-6db2-cdb6-47444296fcb4" executionId="e0860237-bde4-45b8-85c5-40784a65eb04" testListId="8c84fa94-04c1-424b-9868-57a2d4851a1d" />
    <TestEntry testId="b1ae0cbd-f98d-04c5-bbc7-dd12d7416c4d" executionId="bfa49833-005b-4eb5-ac16-74154b54c2c7" testListId="8c84fa94-04c1-424b-9868-57a2d4851a1d" />
    <TestEntry testId="ad33ff46-154b-5366-e45b-609d022e7f6c" executionId="7ace050b-04fa-474e-9c4c-8b95d4a93d5f" testListId="8c84fa94-04c1-424b-9868-57a2d4851a1d" />
    <TestEntry testId="d0588380-399b-e527-0778-d5cb0c6c08d5" executionId="54562bfe-7bc8-40af-beea-189898c901eb" testListId="8c84fa94-04c1-424b-9868-57a2d4851a1d" />
    <TestEntry testId="539a850b-993f-b0fa-6c7b-2a2333977695" executionId="bf00dc89-7b9f-4f9b-ba11-f8c6c32cf94a" testListId="8c84fa94-04c1-424b-9868-57a2d4851a1d" />
    <TestEntry testId="7c1cfd02-7ca4-7846-f514-bbd587fe470f" executionId="a6d7ba6d-1be2-4125-9459-6ea1b244c417" testListId="8c84fa94-04c1-424b-9868-57a2d4851a1d" />
    <TestEntry testId="7a9bcdd0-720c-a24a-46c5-ecf69447899f" executionId="f95bd6e4-9d0d-4906-b908-cc9a68be48c8" testListId="8c84fa94-04c1-424b-9868-57a2d4851a1d" />
    <TestEntry testId="b61931e0-69b1-cae6-9d84-41730d420f37" executionId="8eaa84ef-5a28-485e-ae65-0e68489ba9a7" testListId="8c84fa94-04c1-424b-9868-57a2d4851a1d" />
  </TestEntries>
  <TestLists>
    <TestList name="Results Not in a List" id="8c84fa94-04c1-424b-9868-57a2d4851a1d" />
    <TestList name="All Loaded Results" id="19431567-8539-422a-85d7-44ee4e166bda" />
  </TestLists>
  <ResultSummary outcome="Failed">
    <Counters total="8" executed="8" passed="6" failed="2" error="0" timeout="0" aborted="0" inconclusive="0" passedButRunAborted="0" notRunnable="0" notExecuted="0" disconnected="0" warning="0" completed="0" inProgress="0" pending="0" />
    <Output>
      <StdOut>[xUnit.net 00:00:00.00] xUnit.net VSTest Adapter v2.8.0+6438bb880a (64-bit .NET 8.0.20)&#xD;
[xUnit.net 00:00:00.11]   Discovering: Backend.Tests&#xD;
[xUnit.net 00:00:00.14]   Discovered:  Backend.Tests&#xD;
[xUnit.net 00:00:00.14]   Starting:    Backend.Tests&#xD;
DB_PASSWORD: __test__&#xD;
ConnectionString: Server=localhost;Database=Medisync_Echannel01;User=root;Password=__test__;&#xD;
Starting ChromeDriver 140.0.7339.82 (bc93617e21c39ed4afa6ce1c08554e5aa76d132d-refs/branch-heads/7339_41@{#5}) on port 60657&#xD;
Only local connections are allowed.&#xD;
Please see https://chromedriver.chromium.org/security-considerations for suggestions on keeping ChromeDriver safe.&#xD;
ChromeDriver was started successfully on port 60657.&#xD;
[xUnit.net 00:00:02.06]       MySqlConnector.MySqlException : Access denied for user 'root'@'localhost' (using password: YES)&#xD;
[xUnit.net 00:00:02.06]       Stack Trace:&#xD;
[xUnit.net 00:00:02.07]         /_/src/MySqlConnector/Core/ServerSession.cs(1081,0): at MySqlConnector.Core.ServerSession.ReceiveReplyAsync(IOBehavior ioBehavior, CancellationToken cancellationToken)&#xD;
[xUnit.net 00:00:02.07]         /_/src/MySqlConnector/Core/ServerSession.cs(931,0): at MySqlConnector.Core.ServerSession.SendClearPasswordAsync(String password, IOBehavior ioBehavior, CancellationToken cancellationToken)&#xD;
[xUnit.net 00:00:02.07]         /_/src/MySqlConnector/Core/ServerSession.cs(900,0): at MySqlConnector.Core.ServerSession.SwitchAuthenticationAsync(ConnectionSettings cs, String password, PayloadData payload, IOBehavior ioBehavior, CancellationToken cancellationToken)&#xD;
[xUnit.net 00:00:02.07]         /_/src/MySqlConnector/Core/ServerSession.cs(539,0): at MySqlConnector.Core.ServerSession.ConnectAsync(ConnectionSettings cs, MySqlConnection connection, Int64 startingTimestamp, ILoadBalancer loadBalancer, Activity activity, IOBehavior ioBehavior, CancellationToken cancellationToken)&#xD;
[xUnit.net 00:00:02.08]         /_/src/MySqlConnector/Core/ServerSession.cs(697,0): at MySqlConnector.Core.ServerSession.ConnectAndRedirectAsync(ILogger connectionLogger, ILogger poolLogger, IConnectionPoolMetadata pool, ConnectionSettings cs, ILoadBalancer loadBalancer, MySqlConnection connection, Action`4 logMessage, Int64 startingTimestamp, Activity activity, IOBehavior ioBehavior, CancellationToken cancellationToken)&#xD;
[xUnit.net 00:00:02.08]         /_/src/MySqlConnector/Core/ServerSession.cs(702,0): at MySqlConnector.Core.ServerSession.ConnectAndRedirectAsync(ILogger connectionLogger, ILogger poolLogger, IConnectionPoolMetadata pool, ConnectionSettings cs, ILoadBalancer loadBalancer, MySqlConnection connection, Action`4 logMessage, Int64 startingTimestamp, Activity activity, IOBehavior ioBehavior, CancellationToken cancellationToken)&#xD;
[xUnit.net 00:00:02.08]         /_/src/MySqlConnector/MySqlConnection.cs(1099,0): at MySqlConnector.MySqlConnection.CreateSessionAsync(ConnectionPool pool, Int64 startingTimestamp, Activity activity, Nullable`1 ioBehavior, CancellationToken cancellationToken)&#xD;
[xUnit.net 00:00:02.08]         /_/src/MySqlConnector/MySqlConnection.cs(567,0): at MySqlConnector.MySqlConnection.OpenAsync(Nullable`1 ioBehavior, CancellationToken cancellationToken)&#xD;
[xUnit.net 00:00:02.08]         /_/src/MySqlConnector/MySqlConnection.cs(522,0): at MySqlConnector.MySqlConnection.Open()&#xD;
[xUnit.net 00:00:02.08]            at Microsoft.EntityFrameworkCore.ServerVersion.AutoDetect(String connectionString)&#xD;
[xUnit.net 00:00:02.08]         E:\MediSync_E-Channel-Platform\Backend\Program.cs(26,0): at Program.&lt;&gt;c__DisplayClass0_0.&lt;&lt;Main&gt;$&gt;b__0(DbContextOptionsBuilder options)&#xD;
[xUnit.net 00:00:02.08]            at Microsoft.Extensions.DependencyInjection.EntityFrameworkServiceCollectionExtensions.&lt;&gt;c__DisplayClass1_0`2.&lt;AddDbContext&gt;b__0(IServiceProvider _, DbContextOptionsBuilder b)&#xD;
[xUnit.net 00:00:02.08]            at Microsoft.EntityFrameworkCore.Infrastructure.Internal.DbContextOptionsConfiguration`1.Configure(IServiceProvider serviceProvider, DbContextOptionsBuilder optionsBuilder)&#xD;
[xUnit.net 00:00:02.08]            at Microsoft.Extensions.DependencyInjection.EntityFrameworkServiceCollectionExtensions.CreateDbContextOptions[TContext](IServiceProvider applicationServiceProvider)&#xD;
[xUnit.net 00:00:02.08]            at Microsoft.Extensions.DependencyInjection.ServiceLookup.CallSiteRuntimeResolver.VisitFactory(FactoryCallSite factoryCallSite, RuntimeResolverContext context)&#xD;
[xUnit.net 00:00:02.08]            at Microsoft.Extensions.DependencyInjection.ServiceLookup.CallSiteVisitor`2.VisitCallSiteMain(ServiceCallSite callSite, TArgument argument)&#xD;
[xUnit.net 00:00:02.08]            at Microsoft.Extensions.DependencyInjection.ServiceLookup.CallSiteRuntimeResolver.VisitCache(ServiceCallSite callSite, RuntimeResolverContext context, ServiceProviderEngineScope serviceProviderEngine, RuntimeResolverLock lockType)&#xD;
[xUnit.net 00:00:02.08]            at Microsoft.Extensions.DependencyInjection.ServiceLookup.CallSiteRuntimeResolver.VisitScopeCache(ServiceCallSite callSite, RuntimeResolverContext context)&#xD;
[xUnit.net 00:00:02.08]            at Microsoft.Extensions.DependencyInjection.ServiceLookup.CallSiteVisitor`2.VisitCallSite(ServiceCallSite callSite, TArgument argument)&#xD;
[xUnit.net 00:00:02.08]            at Microsoft.Extensions.DependencyInjection.ServiceLookup.CallSiteRuntimeResolver.VisitConstructor(ConstructorCallSite constructorCallSite, RuntimeResolverContext context)&#xD;
[xUnit.net 00:00:02.08]            at Microsoft.Extensions.DependencyInjection.ServiceLookup.CallSiteVisitor`2.VisitCallSiteMain(ServiceCallSite callSite, TArgument argument)&#xD;
[xUnit.net 00:00:02.08]            at Microsoft.Extensions.DependencyInjection.ServiceLookup.CallSiteRuntimeResolver.VisitCache(ServiceCallSite callSite, RuntimeResolverContext context, ServiceProviderEngineScope serviceProviderEngine, RuntimeResolverLock lockType)&#xD;
[xUnit.net 00:00:02.08]            at Microsoft.Extensions.DependencyInjection.ServiceLookup.CallSiteRuntimeResolver.VisitScopeCache(ServiceCallSite callSite, RuntimeResolverContext context)&#xD;
[xUnit.net 00:00:02.08]            at Microsoft.Extensions.DependencyInjection.ServiceLookup.CallSiteVisitor`2.VisitCallSite(ServiceCallSite callSite, TArgument argument)&#xD;
[xUnit.net 00:00:02.08]            at Microsoft.Extensions.DependencyInjection.ServiceLookup.CallSiteRuntimeResolver.Resolve(ServiceCallSite callSite, ServiceProviderEngineScope scope)&#xD;
[xUnit.net 00:00:02.08]            at Microsoft.Extensions.DependencyInjection.ServiceLookup.DynamicServiceProviderEngine.&lt;&gt;c__DisplayClass2_0.&lt;RealizeService&gt;b__0(ServiceProviderEngineScope scope)&#xD;
[xUnit.net 00:00:02.08]            at Microsoft.Extensions.DependencyInjection.ServiceProvider.GetService(ServiceIdentifier serviceIdentifier, ServiceProviderEngineScope serviceProviderEngineScope)&#xD;
[xUnit.net 00:00:02.08]            at Microsoft.Extensions.DependencyInjection.ServiceLookup.ServiceProviderEngineScope.GetService(Type serviceType)&#xD;
[xUnit.net 00:00:02.08]            at Microsoft.Extensions.DependencyInjection.ServiceProviderServiceExtensions.GetRequiredService(IServiceProvider provider, Type serviceType)&#xD;
[xUnit.net 00:00:02.08]            at Microsoft.Extensions.DependencyInjection.ServiceProviderServiceExtensions.GetRequiredService[T](IServiceProvider provider)&#xD;
[xUnit.net 00:00:02.08]         E:\MediSync_E-Channel-Platform\Backend\Program.cs(47,0): at Program.&lt;Main&gt;$(String[] args)&#xD;
[xUnit.net 00:00:02.08]            at System.RuntimeMethodHandle.InvokeMethod(Object target, Void** arguments, Signature sig, Boolean isConstructor)&#xD;
[xUnit.net 00:00:02.08]            at System.Reflection.MethodBaseInvoker.InvokeDirectByRefWithFewArgs(Object obj, Span`1 copyOfArgs, BindingFlags invokeAttr)&#xD;
[xUnit.net 00:00:02.08]         --- End of stack trace from previous location ---&#xD;
[xUnit.net 00:00:02.08]            at Microsoft.AspNetCore.Mvc.Testing.DeferredHostBuilder.DeferredHost.StartAsync(CancellationToken cancellationToken)&#xD;
[xUnit.net 00:00:02.08]            at Microsoft.Extensions.Hosting.HostingAbstractionsHostExtensions.Start(IHost host)&#xD;
[xUnit.net 00:00:02.08]            at Microsoft.AspNetCore.Mvc.Testing.WebApplicationFactory`1.CreateHost(IHostBuilder builder)&#xD;
[xUnit.net 00:00:02.08]            at Microsoft.AspNetCore.Mvc.Testing.WebApplicationFactory`1.DelegatedWebApplicationFactory.CreateHost(IHostBuilder builder)&#xD;
[xUnit.net 00:00:02.08]            at Microsoft.AspNetCore.Mvc.Testing.WebApplicationFactory`1.ConfigureHostBuilder(IHostBuilder hostBuilder)&#xD;
[xUnit.net 00:00:02.08]            at Microsoft.AspNetCore.Mvc.Testing.WebApplicationFactory`1.EnsureServer()&#xD;
[xUnit.net 00:00:02.08]            at Microsoft.AspNetCore.Mvc.Testing.WebApplicationFactory`1.get_Services()&#xD;
[xUnit.net 00:00:02.08]         E:\MediSync_E-Channel-Platform\Backend\Testing\IntegrationTests.cs(69,0): at Backend.Tests.IntegrationTests.GetSpecializations_Returns_Distinct_List()&#xD;
[xUnit.net 00:00:02.08]         --- End of stack trace from previous location ---&#xD;
DB_PASSWORD: __test__&#xD;
ConnectionString: Server=localhost;Database=Medisync_Echannel01;User=root;Password=__test__;&#xD;
[xUnit.net 00:00:02.23]       MySqlConnector.MySqlException : Access denied for user 'root'@'localhost' (using password: YES)&#xD;
[xUnit.net 00:00:02.23]       Stack Trace:&#xD;
[xUnit.net 00:00:02.23]         /_/src/MySqlConnector/Core/ServerSession.cs(1081,0): at MySqlConnector.Core.ServerSession.ReceiveReplyAsync(IOBehavior ioBehavior, CancellationToken cancellationToken)&#xD;
[xUnit.net 00:00:02.23]         /_/src/MySqlConnector/Core/ServerSession.cs(931,0): at MySqlConnector.Core.ServerSession.SendClearPasswordAsync(String password, IOBehavior ioBehavior, CancellationToken cancellationToken)&#xD;
[xUnit.net 00:00:02.23]         /_/src/MySqlConnector/Core/ServerSession.cs(900,0): at MySqlConnector.Core.ServerSession.SwitchAuthenticationAsync(ConnectionSettings cs, String password, PayloadData payload, IOBehavior ioBehavior, CancellationToken cancellationToken)&#xD;
[xUnit.net 00:00:02.23]         /_/src/MySqlConnector/Core/ServerSession.cs(539,0): at MySqlConnector.Core.ServerSession.ConnectAsync(ConnectionSettings cs, MySqlConnection connection, Int64 startingTimestamp, ILoadBalancer loadBalancer, Activity activity, IOBehavior ioBehavior, CancellationToken cancellationToken)&#xD;
[xUnit.net 00:00:02.23]         /_/src/MySqlConnector/Core/ServerSession.cs(697,0): at MySqlConnector.Core.ServerSession.ConnectAndRedirectAsync(ILogger connectionLogger, ILogger poolLogger, IConnectionPoolMetadata pool, ConnectionSettings cs, ILoadBalancer loadBalancer, MySqlConnection connection, Action`4 logMessage, Int64 startingTimestamp, Activity activity, IOBehavior ioBehavior, CancellationToken cancellationToken)&#xD;
[xUnit.net 00:00:02.23]         /_/src/MySqlConnector/Core/ServerSession.cs(702,0): at MySqlConnector.Core.ServerSession.ConnectAndRedirectAsync(ILogger connectionLogger, ILogger poolLogger, IConnectionPoolMetadata pool, ConnectionSettings cs, ILoadBalancer loadBalancer, MySqlConnection connection, Action`4 logMessage, Int64 startingTimestamp, Activity activity, IOBehavior ioBehavior, CancellationToken cancellationToken)&#xD;
[xUnit.net 00:00:02.23]         /_/src/MySqlConnector/MySqlConnection.cs(1099,0): at MySqlConnector.MySqlConnection.CreateSessionAsync(ConnectionPool pool, Int64 startingTimestamp, Activity activity, Nullable`1 ioBehavior, CancellationToken cancellationToken)&#xD;
[xUnit.net 00:00:02.23]         /_/src/MySqlConnector/MySqlConnection.cs(567,0): at MySqlConnector.MySqlConnection.OpenAsync(Nullable`1 ioBehavior, CancellationToken cancellationToken)&#xD;
[xUnit.net 00:00:02.23]         /_/src/MySqlConnector/MySqlConnection.cs(522,0): at MySqlConnector.MySqlConnection.Open()&#xD;
[xUnit.net 00:00:02.23]            at Microsoft.EntityFrameworkCore.ServerVersion.AutoDetect(String connectionString)&#xD;
[xUnit.net 00:00:02.23]         E:\MediSync_E-Channel-Platform\Backend\Program.cs(26,0): at Program.&lt;&gt;c__DisplayClass0_0.&lt;&lt;Main&gt;$&gt;b__0(DbContextOptionsBuilder options)&#xD;
[xUnit.net 00:00:02.23]            at Microsoft.Extensions.DependencyInjection.EntityFrameworkServiceCollectionExtensions.&lt;&gt;c__DisplayClass1_0`2.&lt;AddDbContext&gt;b__0(IServiceProvider _, DbContextOptionsBuilder b)&#xD;
[xUnit.net 00:00:02.23]            at Microsoft.EntityFrameworkCore.Infrastructure.Internal.DbContextOptionsConfiguration`1.Configure(IServiceProvider serviceProvider, DbContextOptionsBuilder optionsBuilder)&#xD;
[xUnit.net 00:00:02.23]            at Microsoft.Extensions.DependencyInjection.EntityFrameworkServiceCollectionExtensions.CreateDbContextOptions[TContext](IServiceProvider applicationServiceProvider)&#xD;
[xUnit.net 00:00:02.23]            at Microsoft.Extensions.DependencyInjection.ServiceLookup.CallSiteRuntimeResolver.VisitFactory(FactoryCallSite factoryCallSite, RuntimeResolverContext context)&#xD;
[xUnit.net 00:00:02.23]            at Microsoft.Extensions.DependencyInjection.ServiceLookup.CallSiteVisitor`2.VisitCallSiteMain(ServiceCallSite callSite, TArgument argument)&#xD;
[xUnit.net 00:00:02.23]            at Microsoft.Extensions.DependencyInjection.ServiceLookup.CallSiteRuntimeResolver.VisitCache(ServiceCallSite callSite, RuntimeResolverContext context, ServiceProviderEngineScope serviceProviderEngine, RuntimeResolverLock lockType)&#xD;
[xUnit.net 00:00:02.24]            at Microsoft.Extensions.DependencyInjection.ServiceLookup.CallSiteRuntimeResolver.VisitScopeCache(ServiceCallSite callSite, RuntimeResolverContext context)&#xD;
[xUnit.net 00:00:02.24]            at Microsoft.Extensions.DependencyInjection.ServiceLookup.CallSiteVisitor`2.VisitCallSite(ServiceCallSite callSite, TArgument argument)&#xD;
[xUnit.net 00:00:02.24]            at Microsoft.Extensions.DependencyInjection.ServiceLookup.CallSiteRuntimeResolver.VisitConstructor(ConstructorCallSite constructorCallSite, RuntimeResolverContext context)&#xD;
[xUnit.net 00:00:02.24]            at Microsoft.Extensions.DependencyInjection.ServiceLookup.CallSiteVisitor`2.VisitCallSiteMain(ServiceCallSite callSite, TArgument argument)&#xD;
[xUnit.net 00:00:02.24]            at Microsoft.Extensions.DependencyInjection.ServiceLookup.CallSiteRuntimeResolver.VisitCache(ServiceCallSite callSite, RuntimeResolverContext context, ServiceProviderEngineScope serviceProviderEngine, RuntimeResolverLock lockType)&#xD;
[xUnit.net 00:00:02.24]            at Microsoft.Extensions.DependencyInjection.ServiceLookup.CallSiteRuntimeResolver.VisitScopeCache(ServiceCallSite callSite, RuntimeResolverContext context)&#xD;
[xUnit.net 00:00:02.24]            at Microsoft.Extensions.DependencyInjection.ServiceLookup.CallSiteVisitor`2.VisitCallSite(ServiceCallSite callSite, TArgument argument)&#xD;
[xUnit.net 00:00:02.24]            at Microsoft.Extensions.DependencyInjection.ServiceLookup.CallSiteRuntimeResolver.Resolve(ServiceCallSite callSite, ServiceProviderEngineScope scope)&#xD;
[xUnit.net 00:00:02.24]            at Microsoft.Extensions.DependencyInjection.ServiceLookup.DynamicServiceProviderEngine.&lt;&gt;c__DisplayClass2_0.&lt;RealizeService&gt;b__0(ServiceProviderEngineScope scope)&#xD;
[xUnit.net 00:00:02.24]            at Microsoft.Extensions.DependencyInjection.ServiceProvider.GetService(ServiceIdentifier serviceIdentifier, ServiceProviderEngineScope serviceProviderEngineScope)&#xD;
[xUnit.net 00:00:02.24]            at Microsoft.Extensions.DependencyInjection.ServiceLookup.ServiceProviderEngineScope.GetService(Type serviceType)&#xD;
[xUnit.net 00:00:02.24]            at Microsoft.Extensions.DependencyInjection.ServiceProviderServiceExtensions.GetRequiredService(IServiceProvider provider, Type serviceType)&#xD;
[xUnit.net 00:00:02.24]            at Microsoft.Extensions.DependencyInjection.ServiceProviderServiceExtensions.GetRequiredService[T](IServiceProvider provider)&#xD;
[xUnit.net 00:00:02.24]         E:\MediSync_E-Channel-Platform\Backend\Program.cs(47,0): at Program.&lt;Main&gt;$(String[] args)&#xD;
[xUnit.net 00:00:02.24]            at InvokeStub_Program.&lt;Main&gt;$(Object, Span`1)&#xD;
[xUnit.net 00:00:02.24]            at System.Reflection.MethodBaseInvoker.InvokeWithOneArg(Object obj, BindingFlags invokeAttr, Binder binder, Object[] parameters, CultureInfo culture)&#xD;
[xUnit.net 00:00:02.24]         --- End of stack trace from previous location ---&#xD;
[xUnit.net 00:00:02.24]            at Microsoft.AspNetCore.Mvc.Testing.DeferredHostBuilder.DeferredHost.StartAsync(CancellationToken cancellationToken)&#xD;
[xUnit.net 00:00:02.24]            at Microsoft.Extensions.Hosting.HostingAbstractionsHostExtensions.Start(IHost host)&#xD;
[xUnit.net 00:00:02.24]            at Microsoft.AspNetCore.Mvc.Testing.WebApplicationFactory`1.CreateHost(IHostBuilder builder)&#xD;
[xUnit.net 00:00:02.24]            at Microsoft.AspNetCore.Mvc.Testing.WebApplicationFactory`1.DelegatedWebApplicationFactory.CreateHost(IHostBuilder builder)&#xD;
[xUnit.net 00:00:02.24]            at Microsoft.AspNetCore.Mvc.Testing.WebApplicationFactory`1.ConfigureHostBuilder(IHostBuilder hostBuilder)&#xD;
[xUnit.net 00:00:02.24]            at Microsoft.AspNetCore.Mvc.Testing.WebApplicationFactory`1.EnsureServer()&#xD;
[xUnit.net 00:00:02.24]            at Microsoft.AspNetCore.Mvc.Testing.WebApplicationFactory`1.get_Services()&#xD;
[xUnit.net 00:00:02.24]         E:\MediSync_E-Channel-Platform\Backend\Testing\IntegrationTests.cs(43,0): at Backend.Tests.IntegrationTests.GetDoctors_Returns_Seeded_Doctors()&#xD;
[xUnit.net 00:00:02.24]         --- End of stack trace from previous location ---&#xD;
Starting ChromeDriver 140.0.7339.82 (bc93617e21c39ed4afa6ce1c08554e5aa76d132d-refs/branch-heads/7339_41@{#5}) on port 60678&#xD;
Only local connections are allowed.&#xD;
Please see https://chromedriver.chromium.org/security-considerations for suggestions on keeping ChromeDriver safe.&#xD;
ChromeDriver was started successfully on port 60678.&#xD;
[xUnit.net 00:00:09.25]   Finished:    Backend.Tests&#xD;
</StdOut>
    </Output>
    <RunInfos>
      <RunInfo computerName="DESKTOP-RVQH3EI" outcome="Error" timestamp="2025-09-11T22:02:58.7111033+05:30">
        <Text>[xUnit.net 00:00:02.06]     Backend.Tests.IntegrationTests.GetSpecializations_Returns_Distinct_List [FAIL]</Text>
      </RunInfo>
      <RunInfo computerName="DESKTOP-RVQH3EI" outcome="Error" timestamp="2025-09-11T22:02:58.8814021+05:30">
        <Text>[xUnit.net 00:00:02.23]     Backend.Tests.IntegrationTests.GetDoctors_Returns_Seeded_Doctors [FAIL]</Text>
      </RunInfo>
    </RunInfos>
  </ResultSummary>
</TestRun>